IQ-TREE multicore version 2.4.0 for MacOS ARM 64-bit built Feb 12 2025
Developed by Bui Quang Minh, Nguyen Lam Tung, Olga Chernomor, Heiko Schmidt,
Dominik Schrempf, Michael Woodhams, Ly Trong Nhan, Thomas Wong

Host:    Mikeybook.local (SSE4.2, 24 GB RAM)
Command: iqtree2 -s tef1a_mafft_trimal.fasta -o KT833835.1 -m GTR+G -alrt 10000 -nt AUTO
Seed:    787157 (Using SPRNG - Scalable Parallel Random Number Generator)
Time:    Sun Apr 13 16:06:53 2025
Kernel:  SSE2 - auto-detect threads (8 CPU cores detected)

Reading alignment file tef1a_mafft_trimal.fasta ... Fasta format detected
Reading fasta file: done in 0.000178099 secs using 79.17% CPU
Alignment most likely contains DNA/RNA sequences
Alignment has 24 sequences with 578 columns, 317 distinct patterns
226 parsimony-informative, 46 singleton sites, 306 constant sites
            Gap/Ambiguity  Composition  p-value
Analyzing sequences: done in 3.88622e-05 secs using 66.9% CPU
   1  JX998007.1    4.15%    passed     85.21%
   2  KJ481940.1    4.67%    passed     95.01%
   3  KJ481947.1   10.55%    passed     89.56%
   4  KJ481981.1    5.19%    passed     84.50%
   5  KR824810.1    2.60%    passed     82.85%
   6  KR824825.1    6.23%    passed     96.14%
   7  KT833835.1    9.69%    failed      0.39%
   8  MH508664.1   10.90%    passed     70.53%
   9  MH508671.1    3.81%    passed     84.29%
  10  MH508684.1    2.60%    passed     65.08%
  11  MH508694.1    1.90%    passed     72.31%
  12  MH508712.1   12.63%    passed     78.20%
  13  MH508727.1   12.11%    passed     90.48%
  14  MH508728.1    5.02%    passed     68.16%
  15  MH508733.1    3.81%    passed     72.06%
  16  MH508734.1   11.42%    passed     90.30%
  17  MH508745.1    2.94%    passed     94.95%
  18  MH508761.1    4.33%    passed     86.19%
  19  MH508763.1    4.33%    passed     89.25%
  20  MH508772.1    2.60%    passed     78.67%
  21  MH508783.1   11.07%    passed     93.55%
  22  MH508825.1    2.77%    passed     75.13%
  23  MH508859.1    2.60%    passed     55.80%
  24  MH509117.1    2.60%    passed     87.21%
****  TOTAL         5.85%  1 sequences failed composition chi2 test (p-value<5%; df=3)

Create initial parsimony tree by phylogenetic likelihood library (PLL)... 0.001 seconds

NOTE: 1 MB RAM (0 GB) is required!
Measuring multi-threading efficiency up to 8 CPU cores
Increase to 10 rounds for branch lengths
1157 trees examined
Threads: 1 / Time: 8.007 sec / Speedup: 1.000 / Efficiency: 100% / LogL: -7142
Threads: 2 / Time: 12.327 sec / Speedup: 0.650 / Efficiency: 32% / LogL: -7142
BEST NUMBER OF THREADS: 1

Estimate model parameters (epsilon = 0.100)
1. Initial log-likelihood: -5565.696
2. Current log-likelihood: -5165.737
3. Current log-likelihood: -5156.819
4. Current log-likelihood: -5156.663
Optimal log-likelihood: -5156.642
Rate parameters:  A-C: 1.50431  A-G: 4.41948  A-T: 1.60980  C-G: 0.79250  C-T: 7.69581  G-T: 1.00000
Base frequencies:  A: 0.240  C: 0.261  G: 0.237  T: 0.263
Gamma shape alpha: 0.304
Parameters optimization took 4 rounds (0.048 sec)
Wrote distance file to... 
Computing ML distances based on estimated model parameters...
Calculating distance matrix: done in 0.00100112 secs using 99.09% CPU
Computing ML distances took 0.001227 sec (of wall-clock time) 0.001024 sec (of CPU time)
Setting up auxiliary I and S matrices: done in 2.09808e-05 secs using 85.79% CPU
Computing RapidNJ tree took 0.000079 sec (of wall-clock time) 0.000102 sec (of CPU time)
Log-likelihood of RapidNJ tree: -5164.455
--------------------------------------------------------------------
|             INITIALIZING CANDIDATE TREE SET                      |
--------------------------------------------------------------------
Generating 98 parsimony trees... 0.068 second
Computing log-likelihood of 98 initial trees ... 0.100 seconds
Current best score: -5156.642

Do NNI search on 20 best initial trees
Estimate model parameters (epsilon = 0.100)
BETTER TREE FOUND at iteration 1: -5155.770
Iteration 10 / LogL: -5156.257 / Time: 0h:0m:20s
Iteration 20 / LogL: -5155.808 / Time: 0h:0m:20s
Finish initializing candidate tree set (10)
Current best tree score: -5155.770 / CPU time: 0.376
Number of iterations: 20
--------------------------------------------------------------------
|               OPTIMIZING CANDIDATE TREE SET                      |
--------------------------------------------------------------------
Estimate model parameters (epsilon = 0.100)
BETTER TREE FOUND at iteration 28: -5155.657
Iteration 30 / LogL: -5156.019 / Time: 0h:0m:20s (0h:1m:10s left)
Iteration 40 / LogL: -5155.931 / Time: 0h:0m:21s (0h:0m:47s left)
Iteration 50 / LogL: -5156.093 / Time: 0h:0m:21s (0h:0m:33s left)
Iteration 60 / LogL: -5156.245 / Time: 0h:0m:21s (0h:0m:24s left)
Iteration 70 / LogL: -5156.204 / Time: 0h:0m:21s (0h:0m:18s left)
Iteration 80 / LogL: -5157.296 / Time: 0h:0m:21s (0h:0m:13s left)
Iteration 90 / LogL: -5156.019 / Time: 0h:0m:21s (0h:0m:9s left)
Iteration 100 / LogL: -5155.890 / Time: 0h:0m:22s (0h:0m:6s left)
Iteration 110 / LogL: -5155.868 / Time: 0h:0m:22s (0h:0m:3s left)
Iteration 120 / LogL: -5156.087 / Time: 0h:0m:22s (0h:0m:1s left)
TREE SEARCH COMPLETED AFTER 129 ITERATIONS / Time: 0h:0m:22s

--------------------------------------------------------------------
|                    FINALIZING TREE SEARCH                        |
--------------------------------------------------------------------
Performs final model parameters optimization
Estimate model parameters (epsilon = 0.010)
1. Initial log-likelihood: -5155.657
Optimal log-likelihood: -5155.654
Rate parameters:  A-C: 1.55679  A-G: 4.70177  A-T: 1.68366  C-G: 0.80211  C-T: 8.07271  G-T: 1.00000
Base frequencies:  A: 0.240  C: 0.261  G: 0.237  T: 0.263
Gamma shape alpha: 0.304
Parameters optimization took 1 rounds (0.004 sec)
BEST SCORE FOUND : -5155.654

Testing tree branches by SH-like aLRT with 10000 replicates...
1.018 sec.
Total tree length: 3.020

Total number of iterations: 129
CPU time used for tree search: 2.083 sec (0h:0m:2s)
Wall-clock time used for tree search: 2.092 sec (0h:0m:2s)
Total CPU time used: 23.152 sec (0h:0m:23s)
Total wall-clock time used: 23.511 sec (0h:0m:23s)

Analysis results written to: 
  IQ-TREE report:                tef1a_mafft_trimal.fasta.iqtree
  Maximum-likelihood tree:       tef1a_mafft_trimal.fasta.treefile
  Likelihood distances:          tef1a_mafft_trimal.fasta.mldist
  Screen log file:               tef1a_mafft_trimal.fasta.log

Date and Time: Sun Apr 13 16:07:17 2025
