IQ-TREE multicore version 2.4.0 for MacOS ARM 64-bit built Feb 12 2025
Developed by Bui Quang Minh, Nguyen Lam Tung, Olga Chernomor, Heiko Schmidt,
Dominik Schrempf, Michael Woodhams, Ly Trong Nhan, Thomas Wong

Host:    Mikeybook.local (SSE4.2, 24 GB RAM)
Command: iqtree2 -s lsu_aligned_clustal.fasta -o KT833807.1 -m GTR+G -alrt 1000 -nt AUTO
Seed:    564905 (Using SPRNG - Scalable Parallel Random Number Generator)
Time:    Fri Apr 11 13:47:18 2025
Kernel:  SSE2 - auto-detect threads (8 CPU cores detected)

Reading alignment file lsu_aligned_clustal.fasta ... Fasta format detected
Reading fasta file: done in 0.000432968 secs using 90.77% CPU
Alignment most likely contains DNA/RNA sequences
Alignment has 24 sequences with 959 columns, 331 distinct patterns
195 parsimony-informative, 88 singleton sites, 676 constant sites
            Gap/Ambiguity  Composition  p-value
Analyzing sequences: done in 6.10352e-05 secs using 77% CPU
   1  KT833807.1   29.09%    passed     28.68%
   2  MH486484.1   11.26%    passed     98.97%
   3  JX998058.1   12.20%    passed     97.99%
   4  MH486688.1    9.28%    passed     98.48%
   5  KJ466484.1   10.64%    passed     99.58%
   6  MH486369.1    7.40%    passed     98.81%
   7  MH486450.1    8.86%    passed     95.17%
   8  MH486895.1   10.95%    passed     57.23%
   9  MH486458.1    9.59%    passed     93.27%
  10  MH486507.1   10.43%    passed     96.12%
  11  MH486469.1   10.22%    passed     95.09%
  12  MH486457.1    9.70%    passed     87.20%
  13  MH486425.1    6.99%    passed     82.51%
  14  KJ466482.1   10.84%    passed     20.07%
  15  JN941158.1    3.86%    passed     98.61%
  16  KR824782.1   12.41%    passed     96.23%
  17  MH486486.1    8.97%    passed     87.89%
  18  JN941154.1    9.28%    passed     88.50%
  19  MH486361.1    7.09%    passed     68.59%
  20  MH486394.1    6.78%    passed     75.87%
  21  MH486383.1    6.88%    passed     82.29%
  22  MH486447.1    6.88%    passed     68.49%
  23  MH486554.1    5.53%    passed     78.69%
  24  MH486591.1    7.30%    passed     95.06%
****  TOTAL         9.68%  0 sequences failed composition chi2 test (p-value<5%; df=3)

Create initial parsimony tree by phylogenetic likelihood library (PLL)... 0.001 seconds

NOTE: 1 MB RAM (0 GB) is required!
Measuring multi-threading efficiency up to 8 CPU cores
Increase to 10 rounds for branch lengths
1431 trees examined
Threads: 1 / Time: 8.004 sec / Speedup: 1.000 / Efficiency: 100% / LogL: -6499
Threads: 2 / Time: 11.581 sec / Speedup: 0.691 / Efficiency: 35% / LogL: -6499
BEST NUMBER OF THREADS: 1

Estimate model parameters (epsilon = 0.100)
1. Initial log-likelihood: -4912.235
2. Current log-likelihood: -4493.565
3. Current log-likelihood: -4488.025
Optimal log-likelihood: -4487.942
Rate parameters:  A-C: 1.07928  A-G: 8.23574  A-T: 2.69255  C-G: 0.87808  C-T: 13.62410  G-T: 1.00000
Base frequencies:  A: 0.273  C: 0.181  G: 0.299  T: 0.247
Gamma shape alpha: 0.201
Parameters optimization took 3 rounds (0.043 sec)
Wrote distance file to... 
Computing ML distances based on estimated model parameters...
Calculating distance matrix: done in 0.00134087 secs using 98.67% CPU
Computing ML distances took 0.001381 sec (of wall-clock time) 0.001354 sec (of CPU time)
Setting up auxiliary I and S matrices: done in 2.19345e-05 secs using 77.5% CPU
Computing RapidNJ tree took 0.000116 sec (of wall-clock time) 0.000110 sec (of CPU time)
Log-likelihood of RapidNJ tree: -4530.792
--------------------------------------------------------------------
|             INITIALIZING CANDIDATE TREE SET                      |
--------------------------------------------------------------------
Generating 98 parsimony trees... 0.059 second
Computing log-likelihood of 98 initial trees ... 0.100 seconds
Current best score: -4487.809

Do NNI search on 20 best initial trees
Estimate model parameters (epsilon = 0.100)
BETTER TREE FOUND at iteration 1: -4483.217
Iteration 10 / LogL: -4483.283 / Time: 0h:0m:19s
Iteration 20 / LogL: -4483.218 / Time: 0h:0m:20s
Finish initializing candidate tree set (2)
Current best tree score: -4483.217 / CPU time: 0.382
Number of iterations: 20
--------------------------------------------------------------------
|               OPTIMIZING CANDIDATE TREE SET                      |
--------------------------------------------------------------------
Iteration 30 / LogL: -4483.229 / Time: 0h:0m:20s (0h:0m:49s left)
Iteration 40 / LogL: -4507.139 / Time: 0h:0m:20s (0h:0m:31s left)
Iteration 50 / LogL: -4483.240 / Time: 0h:0m:20s (0h:0m:21s left)
Iteration 60 / LogL: -4486.481 / Time: 0h:0m:20s (0h:0m:14s left)
Iteration 70 / LogL: -4483.218 / Time: 0h:0m:20s (0h:0m:9s left)
Iteration 80 / LogL: -4483.239 / Time: 0h:0m:20s (0h:0m:5s left)
Iteration 90 / LogL: -4483.254 / Time: 0h:0m:21s (0h:0m:2s left)
Iteration 100 / LogL: -4483.221 / Time: 0h:0m:21s (0h:0m:0s left)
TREE SEARCH COMPLETED AFTER 102 ITERATIONS / Time: 0h:0m:21s

--------------------------------------------------------------------
|                    FINALIZING TREE SEARCH                        |
--------------------------------------------------------------------
Performs final model parameters optimization
Estimate model parameters (epsilon = 0.010)
1. Initial log-likelihood: -4483.217
Optimal log-likelihood: -4483.216
Rate parameters:  A-C: 1.02725  A-G: 8.39038  A-T: 2.67315  C-G: 0.88366  C-T: 13.56103  G-T: 1.00000
Base frequencies:  A: 0.273  C: 0.181  G: 0.299  T: 0.247
Gamma shape alpha: 0.203
Parameters optimization took 1 rounds (0.004 sec)
BEST SCORE FOUND : -4483.216

Testing tree branches by SH-like aLRT with 1000 replicates...
0.158 sec.
Total tree length: 1.052

Total number of iterations: 102
CPU time used for tree search: 1.645 sec (0h:0m:1s)
Wall-clock time used for tree search: 1.650 sec (0h:0m:1s)
Total CPU time used: 21.527 sec (0h:0m:21s)
Total wall-clock time used: 21.453 sec (0h:0m:21s)

Analysis results written to: 
  IQ-TREE report:                lsu_aligned_clustal.fasta.iqtree
  Maximum-likelihood tree:       lsu_aligned_clustal.fasta.treefile
  Likelihood distances:          lsu_aligned_clustal.fasta.mldist
  Screen log file:               lsu_aligned_clustal.fasta.log

Date and Time: Fri Apr 11 13:47:40 2025
