IQ-TREE multicore version 2.4.0 for MacOS ARM 64-bit built Feb 12 2025
Developed by Bui Quang Minh, Nguyen Lam Tung, Olga Chernomor, Heiko Schmidt,
Dominik Schrempf, Michael Woodhams, Ly Trong Nhan, Thomas Wong

Host:    Mikeybook.local (SSE4.2, 24 GB RAM)
Command: iqtree2 -s lsu_aligned_clustal.fasta
Seed:    101760 (Using SPRNG - Scalable Parallel Random Number Generator)
Time:    Thu Mar 13 13:24:03 2025
Kernel:  SSE2 - 1 threads (8 CPU cores detected)

HINT: Use -nt option to specify number of threads because your CPU has 8 cores!
HINT: -nt AUTO will automatically determine the best number of threads to use.

Reading alignment file lsu_aligned_clustal.fasta ... Fasta format detected
Reading fasta file: done in 0.000586987 secs using 81.26% CPU
Alignment most likely contains DNA/RNA sequences
Alignment has 24 sequences with 959 columns, 331 distinct patterns
195 parsimony-informative, 88 singleton sites, 676 constant sites
            Gap/Ambiguity  Composition  p-value
Analyzing sequences: done in 3.98159e-05 secs using 47.72% CPU
   1  KT833807.1   29.09%    passed     28.68%
   2  MH486484.1   11.26%    passed     98.97%
   3  JX998058.1   12.20%    passed     97.99%
   4  MH486688.1    9.28%    passed     98.48%
   5  KJ466484.1   10.64%    passed     99.58%
   6  MH486369.1    7.40%    passed     98.81%
   7  MH486450.1    8.86%    passed     95.17%
   8  MH486895.1   10.95%    passed     57.23%
   9  MH486458.1    9.59%    passed     93.27%
  10  MH486507.1   10.43%    passed     96.12%
  11  MH486469.1   10.22%    passed     95.09%
  12  MH486457.1    9.70%    passed     87.20%
  13  MH486425.1    6.99%    passed     82.51%
  14  KJ466482.1   10.84%    passed     20.07%
  15  JN941158.1    3.86%    passed     98.61%
  16  KR824782.1   12.41%    passed     96.23%
  17  MH486486.1    8.97%    passed     87.89%
  18  JN941154.1    9.28%    passed     88.50%
  19  MH486361.1    7.09%    passed     68.59%
  20  MH486394.1    6.78%    passed     75.87%
  21  MH486383.1    6.88%    passed     82.29%
  22  MH486447.1    6.88%    passed     68.49%
  23  MH486554.1    5.53%    passed     78.69%
  24  MH486591.1    7.30%    passed     95.06%
****  TOTAL         9.68%  0 sequences failed composition chi2 test (p-value<5%; df=3)


Create initial parsimony tree by phylogenetic likelihood library (PLL)... 0.001 seconds
Perform fast likelihood tree search using GTR+I+G model...
Estimate model parameters (epsilon = 5.000)
Perform nearest neighbor interchange...
Estimate model parameters (epsilon = 1.000)
1. Initial log-likelihood: -4476.883
Optimal log-likelihood: -4476.776
Rate parameters:  A-C: 1.02684  A-G: 8.47475  A-T: 2.72390  C-G: 0.88212  C-T: 14.38106  G-T: 1.00000
Base frequencies:  A: 0.273  C: 0.181  G: 0.299  T: 0.247
Proportion of invariable sites: 0.358
Gamma shape alpha: 0.446
Parameters optimization took 1 rounds (0.009 sec)
Time for fast ML tree search: 0.062 seconds

NOTE: ModelFinder requires 2 MB RAM!
ModelFinder will test up to 484 DNA models (sample size: 959 epsilon: 0.100) ...
 No. Model         -LnL         df  AIC          AICc         BIC
  1  GTR+F         4810.715     53  9727.430     9733.754     9985.322
  2  GTR+F+I       4503.433     54  9114.866     9121.437     9377.624
  3  GTR+F+G4      4483.220     54  9074.441     9081.012     9337.199
  4  GTR+F+I+G4    4476.680     55  9063.360     9070.182     9330.984
  5  GTR+F+R2      4484.336     55  9078.673     9085.494     9346.297
  6  GTR+F+R3      4474.762     57  9063.524     9070.862     9340.879
  7  GTR+F+R4      4474.144     59  9066.289     9074.164     9353.376
 14  GTR+F+I+R2    4473.883     56  9059.767     9066.844     9332.257
 15  GTR+F+I+R3    4473.407     58  9062.814     9070.419     9345.036
 25  SYM+G4        4502.222     51  9106.444     9112.292     9354.604
 26  SYM+I+G4      4495.837     52  9095.675     9101.759     9348.701
 28  SYM+R3        4493.112     54  9094.225     9100.796     9356.983
 36  SYM+I+R2      4493.504     53  9093.007     9099.332     9350.899
 47  TVM+F+G4      4490.421     53  9086.842     9093.167     9344.734
 48  TVM+F+I+G4    4484.106     54  9076.212     9082.783     9338.970
 50  TVM+F+R3      4482.569     56  9077.137     9084.215     9349.627
 58  TVM+F+I+R2    4482.332     55  9074.664     9081.486     9342.289
 69  TVMe+G4       4502.729     50  9105.458     9111.074     9348.752
 70  TVMe+I+G4     4496.328     51  9094.656     9100.504     9342.816
 72  TVMe+R3       4493.788     53  9093.576     9099.901     9351.469
 80  TVMe+I+R2     4494.458     52  9092.916     9099.000     9345.943
 91  TIM3+F+G4     4491.848     52  9087.695     9093.779     9340.722
 92  TIM3+F+I+G4   4485.099     53  9076.198     9082.523     9334.090
 94  TIM3+F+R3     4483.287     55  9076.574     9083.396     9344.198
102  TIM3+F+I+R2   4482.867     54  9073.733     9080.304     9336.492
113  TIM3e+G4      4509.615     49  9117.230     9122.620     9355.658
114  TIM3e+I+G4    4503.064     50  9106.127     9111.744     9349.422
116  TIM3e+R3      4500.575     52  9105.149     9111.233     9358.176
124  TIM3e+I+R2    4501.377     51  9104.754     9110.602     9352.915
135  TIM2+F+G4     4488.883     52  9081.766     9087.850     9334.793
136  TIM2+F+I+G4   4481.886     53  9069.772     9076.097     9327.664
138  TIM2+F+R3     4480.493     55  9070.985     9077.807     9338.609
146  TIM2+F+I+R2   4479.592     54  9067.183     9073.754     9329.942
157  TIM2e+G4      4512.061     49  9122.123     9127.514     9360.552
158  TIM2e+I+G4    4505.698     50  9111.396     9117.013     9354.691
160  TIM2e+R3      4503.951     52  9111.902     9117.985     9364.928
168  TIM2e+I+R2    4503.984     51  9109.969     9115.816     9358.129
179  TIM+F+G4      4492.518     52  9089.035     9095.119     9342.061
180  TIM+F+I+G4    4485.382     53  9076.763     9083.088     9334.655
182  TIM+F+R3      4484.207     55  9078.414     9085.235     9346.038
190  TIM+F+I+R2    4483.417     54  9074.833     9081.404     9337.591
201  TIMe+G4       4515.472     49  9128.945     9134.335     9367.373
202  TIMe+I+G4     4509.019     50  9118.038     9123.655     9361.332
204  TIMe+R3       4507.482     52  9118.963     9125.047     9371.990
212  TIMe+I+R2     4507.720     51  9117.441     9123.288     9365.601
223  TPM3u+F+G4    4498.669     51  9099.338     9105.186     9347.499
224  TPM3u+F+I+G4  4492.079     52  9088.158     9094.242     9341.184
226  TPM3u+F+R3    4490.823     54  9089.645     9096.216     9352.403
234  TPM3u+F+I+R2  4491.271     53  9088.542     9094.867     9346.434
245  TPM3+G4       4510.003     48  9116.007     9121.176     9349.570
246  TPM3+I+G4     4503.287     49  9104.573     9109.964     9343.002
248  TPM3+R3       4501.226     51  9104.452     9110.300     9352.613
256  TPM3+I+R2     4502.317     50  9104.633     9110.250     9347.928
267  TPM2u+F+G4    4496.013     51  9094.026     9099.874     9342.186
268  TPM2u+F+I+G4  4489.237     52  9082.475     9088.559     9335.501
270  TPM2u+F+R3    4488.453     54  9084.906     9091.477     9347.664
278  TPM2u+F+I+R2  4488.157     53  9082.314     9088.639     9340.206
289  TPM2+G4       4512.428     48  9120.856     9126.025     9354.419
290  TPM2+I+G4     4505.897     49  9109.794     9115.185     9348.223
292  TPM2+R3       4504.544     51  9111.087     9116.935     9359.248
300  TPM2+I+R2     4504.775     50  9109.549     9115.166     9352.844
311  K3Pu+F+G4     4499.595     51  9101.190     9107.038     9349.350
312  K3Pu+F+I+G4   4492.850     52  9089.700     9095.784     9342.727
314  K3Pu+F+R3     4492.168     54  9092.337     9098.908     9355.095
322  K3Pu+F+I+R2   4492.066     53  9090.131     9096.456     9348.023
333  K3P+G4        4515.784     48  9127.569     9132.738     9361.131
334  K3P+I+G4      4509.236     49  9116.472     9121.863     9354.901
336  K3P+R3        4508.023     51  9118.046     9123.894     9366.207
344  K3P+I+R2      4508.459     50  9116.919     9122.536     9360.214
355  TN+F+G4       4496.080     51  9094.159     9100.007     9342.320
356  TN+F+I+G4     4488.713     52  9081.425     9087.509     9334.452
358  TN+F+R3       4487.868     54  9083.736     9090.307     9346.494
366  TN+F+I+R2     4487.285     53  9080.571     9086.896     9338.463
377  TNe+G4        4518.325     48  9132.650     9137.819     9366.213
378  TNe+I+G4      4511.690     49  9121.380     9126.770     9359.808
380  TNe+R3        4510.519     51  9123.039     9128.886     9371.199
388  TNe+I+R2      4510.820     50  9121.640     9127.257     9364.935
399  HKY+F+G4      4502.936     50  9105.873     9111.490     9349.167
400  HKY+F+I+G4    4496.193     51  9094.387     9100.235     9342.547
402  HKY+F+R3      4495.648     53  9097.296     9103.621     9355.188
410  HKY+F+I+R2    4495.679     52  9095.358     9101.442     9348.384
421  K2P+G4        4518.610     47  9131.220     9136.173     9359.917
422  K2P+I+G4      4512.072     48  9120.145     9125.314     9353.707
424  K2P+R3        4511.069     50  9122.139     9127.756     9365.433
432  K2P+I+R2      4511.514     49  9121.028     9126.419     9359.457
443  F81+F+G4      4780.014     49  9658.028     9663.419     9896.457
444  F81+F+I+G4    4775.396     50  9650.792     9656.409     9894.087
446  F81+F+R3      4774.589     52  9653.178     9659.262     9906.205
454  F81+F+I+R2    4774.710     51  9651.420     9657.268     9899.581
465  JC+G4         4787.485     46  9666.969     9671.711     9890.800
466  JC+I+G4       4782.952     47  9659.904     9664.857     9888.601
468  JC+R3         4782.325     49  9662.651     9668.041     9901.080
476  JC+I+R2       4782.597     48  9661.194     9666.364     9894.757
Akaike Information Criterion:           GTR+F+I+R2
Corrected Akaike Information Criterion: GTR+F+I+R2
Bayesian Information Criterion:         TIM2+F+I+G4
Best-fit model: TIM2+F+I+G4 chosen according to BIC

All model information printed to lsu_aligned_clustal.fasta.model.gz
CPU time for ModelFinder: 1.448 seconds (0h:0m:1s)
Wall-clock time for ModelFinder: 1.460 seconds (0h:0m:1s)

NOTE: 1 MB RAM (0 GB) is required!
Estimate model parameters (epsilon = 0.100)
Thoroughly optimizing +I+G parameters from 10 start values...
Init pinv, alpha: 0.000, 0.699 / Estimate: 0.000, 0.205 / LogL: -4488.883
Init pinv, alpha: 0.078, 0.699 / Estimate: 0.082, 0.235 / LogL: -4487.077
Init pinv, alpha: 0.157, 0.699 / Estimate: 0.163, 0.276 / LogL: -4485.518
Init pinv, alpha: 0.235, 0.699 / Estimate: 0.250, 0.334 / LogL: -4484.038
Init pinv, alpha: 0.313, 0.699 / Estimate: 0.320, 0.400 / LogL: -4482.962
Init pinv, alpha: 0.392, 0.699 / Estimate: 0.395, 0.503 / LogL: -4481.932
Init pinv, alpha: 0.470, 0.699 / Estimate: 0.471, 0.673 / LogL: -4481.095
Init pinv, alpha: 0.548, 0.699 / Estimate: 0.530, 0.911 / LogL: -4480.834
Init pinv, alpha: 0.627, 0.699 / Estimate: 0.570, 1.185 / LogL: -4481.163
Init pinv, alpha: 0.705, 0.699 / Estimate: 0.570, 1.183 / LogL: -4481.160
Optimal pinv,alpha: 0.530, 0.911 / LogL: -4480.834

Parameters optimization took 0.404 sec
Wrote distance file to... 
Computing ML distances based on estimated model parameters...
Calculating distance matrix: done in 0.001086 secs using 99.72% CPU
Computing ML distances took 0.001121 sec (of wall-clock time) 0.001112 sec (of CPU time)
Setting up auxiliary I and S matrices: done in 1.69277e-05 secs using 82.7% CPU
Computing RapidNJ tree took 0.000066 sec (of wall-clock time) 0.000085 sec (of CPU time)
Log-likelihood of RapidNJ tree: -4527.838
--------------------------------------------------------------------
|             INITIALIZING CANDIDATE TREE SET                      |
--------------------------------------------------------------------
Generating 98 parsimony trees... 0.055 second
Computing log-likelihood of 98 initial trees ... 0.099 seconds
Current best score: -4480.834

Do NNI search on 20 best initial trees
Estimate model parameters (epsilon = 0.100)
BETTER TREE FOUND at iteration 1: -4480.740
Iteration 10 / LogL: -4480.772 / Time: 0h:0m:2s
Iteration 20 / LogL: -4480.745 / Time: 0h:0m:2s
Finish initializing candidate tree set (3)
Current best tree score: -4480.740 / CPU time: 0.370
Number of iterations: 20
--------------------------------------------------------------------
|               OPTIMIZING CANDIDATE TREE SET                      |
--------------------------------------------------------------------
Iteration 30 / LogL: -4480.747 / Time: 0h:0m:2s (0h:0m:2s left)
Iteration 40 / LogL: -4484.417 / Time: 0h:0m:2s (0h:0m:1s left)
Iteration 50 / LogL: -4480.873 / Time: 0h:0m:2s (0h:0m:1s left)
Iteration 60 / LogL: -4484.418 / Time: 0h:0m:2s (0h:0m:0s left)
Iteration 70 / LogL: -4480.779 / Time: 0h:0m:3s (0h:0m:0s left)
Iteration 80 / LogL: -4480.800 / Time: 0h:0m:3s (0h:0m:0s left)
Iteration 90 / LogL: -4480.741 / Time: 0h:0m:3s (0h:0m:0s left)
Iteration 100 / LogL: -4480.887 / Time: 0h:0m:3s (0h:0m:0s left)
TREE SEARCH COMPLETED AFTER 102 ITERATIONS / Time: 0h:0m:3s

--------------------------------------------------------------------
|                    FINALIZING TREE SEARCH                        |
--------------------------------------------------------------------
Performs final model parameters optimization
Estimate model parameters (epsilon = 0.010)
1. Initial log-likelihood: -4480.740
Optimal log-likelihood: -4480.739
Rate parameters:  A-C: 2.09467  A-G: 9.05219  A-T: 2.09467  C-G: 1.00000  C-T: 15.64428  G-T: 1.00000
Base frequencies:  A: 0.273  C: 0.181  G: 0.299  T: 0.247
Proportion of invariable sites: 0.529
Gamma shape alpha: 0.897
Parameters optimization took 1 rounds (0.004 sec)
BEST SCORE FOUND : -4480.739
Total tree length: 1.043

Total number of iterations: 102
CPU time used for tree search: 1.631 sec (0h:0m:1s)
Wall-clock time used for tree search: 1.648 sec (0h:0m:1s)
Total CPU time used: 3.494 sec (0h:0m:3s)
Total wall-clock time used: 3.525 sec (0h:0m:3s)

Analysis results written to: 
  IQ-TREE report:                lsu_aligned_clustal.fasta.iqtree
  Maximum-likelihood tree:       lsu_aligned_clustal.fasta.treefile
  Likelihood distances:          lsu_aligned_clustal.fasta.mldist
  Screen log file:               lsu_aligned_clustal.fasta.log

Date and Time: Thu Mar 13 13:24:06 2025
