IQ-TREE multicore version 2.4.0 for MacOS ARM 64-bit built Feb 12 2025
Developed by Bui Quang Minh, Nguyen Lam Tung, Olga Chernomor, Heiko Schmidt,
Dominik Schrempf, Michael Woodhams, Ly Trong Nhan, Thomas Wong

Host:    Mikeybook.local (SSE4.2, 24 GB RAM)
Command: iqtree2 -s lsu_aligned_clustal.fasta -m GTR+G -alrt 10000 -nt AUTO
Seed:    977255 (Using SPRNG - Scalable Parallel Random Number Generator)
Time:    Tue Mar 18 15:37:06 2025
Kernel:  SSE2 - auto-detect threads (8 CPU cores detected)

Reading alignment file lsu_aligned_clustal.fasta ... Fasta format detected
Reading fasta file: done in 0.000396013 secs using 76.77% CPU
Alignment most likely contains DNA/RNA sequences
Alignment has 24 sequences with 959 columns, 331 distinct patterns
195 parsimony-informative, 88 singleton sites, 676 constant sites
            Gap/Ambiguity  Composition  p-value
Analyzing sequences: done in 0.00019908 secs using 18.08% CPU
   1  KT833807.1   29.09%    passed     28.68%
   2  MH486484.1   11.26%    passed     98.97%
   3  JX998058.1   12.20%    passed     97.99%
   4  MH486688.1    9.28%    passed     98.48%
   5  KJ466484.1   10.64%    passed     99.58%
   6  MH486369.1    7.40%    passed     98.81%
   7  MH486450.1    8.86%    passed     95.17%
   8  MH486895.1   10.95%    passed     57.23%
   9  MH486458.1    9.59%    passed     93.27%
  10  MH486507.1   10.43%    passed     96.12%
  11  MH486469.1   10.22%    passed     95.09%
  12  MH486457.1    9.70%    passed     87.20%
  13  MH486425.1    6.99%    passed     82.51%
  14  KJ466482.1   10.84%    passed     20.07%
  15  JN941158.1    3.86%    passed     98.61%
  16  KR824782.1   12.41%    passed     96.23%
  17  MH486486.1    8.97%    passed     87.89%
  18  JN941154.1    9.28%    passed     88.50%
  19  MH486361.1    7.09%    passed     68.59%
  20  MH486394.1    6.78%    passed     75.87%
  21  MH486383.1    6.88%    passed     82.29%
  22  MH486447.1    6.88%    passed     68.49%
  23  MH486554.1    5.53%    passed     78.69%
  24  MH486591.1    7.30%    passed     95.06%
****  TOTAL         9.68%  0 sequences failed composition chi2 test (p-value<5%; df=3)

Create initial parsimony tree by phylogenetic likelihood library (PLL)... 0.002 seconds

NOTE: 1 MB RAM (0 GB) is required!
Measuring multi-threading efficiency up to 8 CPU cores
Increase to 10 rounds for branch lengths
1343 trees examined
Threads: 1 / Time: 8.003 sec / Speedup: 1.000 / Efficiency: 100% / LogL: -6385
Threads: 2 / Time: 11.093 sec / Speedup: 0.721 / Efficiency: 36% / LogL: -6385
BEST NUMBER OF THREADS: 1

Estimate model parameters (epsilon = 0.100)
1. Initial log-likelihood: -4917.184
2. Current log-likelihood: -4499.254
3. Current log-likelihood: -4492.364
Optimal log-likelihood: -4492.281
Rate parameters:  A-C: 1.04610  A-G: 8.10473  A-T: 2.61494  C-G: 0.85910  C-T: 13.15075  G-T: 1.00000
Base frequencies:  A: 0.273  C: 0.181  G: 0.299  T: 0.247
Gamma shape alpha: 0.199
Parameters optimization took 3 rounds (0.054 sec)
Wrote distance file to... 
Computing ML distances based on estimated model parameters...
Calculating distance matrix: done in 0.00160623 secs using 97% CPU
Computing ML distances took 0.001823 sec (of wall-clock time) 0.001594 sec (of CPU time)
Setting up auxiliary I and S matrices: done in 2.09808e-05 secs using 76.26% CPU
Computing RapidNJ tree took 0.000079 sec (of wall-clock time) 0.000091 sec (of CPU time)
Log-likelihood of RapidNJ tree: -4530.720
--------------------------------------------------------------------
|             INITIALIZING CANDIDATE TREE SET                      |
--------------------------------------------------------------------
Generating 98 parsimony trees... 0.065 second
Computing log-likelihood of 98 initial trees ... 0.115 seconds
Current best score: -4487.800

Do NNI search on 20 best initial trees
Estimate model parameters (epsilon = 0.100)
BETTER TREE FOUND at iteration 1: -4483.241
Iteration 10 / LogL: -4483.244 / Time: 0h:0m:19s
Iteration 20 / LogL: -4483.243 / Time: 0h:0m:19s
Finish initializing candidate tree set (2)
Current best tree score: -4483.241 / CPU time: 0.410
Number of iterations: 20
--------------------------------------------------------------------
|               OPTIMIZING CANDIDATE TREE SET                      |
--------------------------------------------------------------------
Iteration 30 / LogL: -4483.255 / Time: 0h:0m:19s (0h:0m:48s left)
Iteration 40 / LogL: -4483.243 / Time: 0h:0m:19s (0h:0m:31s left)
Iteration 50 / LogL: -4509.550 / Time: 0h:0m:20s (0h:0m:20s left)
Iteration 60 / LogL: -4486.633 / Time: 0h:0m:20s (0h:0m:14s left)
Iteration 70 / LogL: -4483.242 / Time: 0h:0m:20s (0h:0m:9s left)
Iteration 80 / LogL: -4486.508 / Time: 0h:0m:20s (0h:0m:5s left)
Iteration 90 / LogL: -4486.522 / Time: 0h:0m:20s (0h:0m:2s left)
Iteration 100 / LogL: -4486.557 / Time: 0h:0m:21s (0h:0m:0s left)
TREE SEARCH COMPLETED AFTER 102 ITERATIONS / Time: 0h:0m:21s

--------------------------------------------------------------------
|                    FINALIZING TREE SEARCH                        |
--------------------------------------------------------------------
Performs final model parameters optimization
Estimate model parameters (epsilon = 0.010)
1. Initial log-likelihood: -4483.241
2. Current log-likelihood: -4483.225
Optimal log-likelihood: -4483.222
Rate parameters:  A-C: 1.00804  A-G: 8.26352  A-T: 2.61976  C-G: 0.86656  C-T: 13.37454  G-T: 1.00000
Base frequencies:  A: 0.273  C: 0.181  G: 0.299  T: 0.247
Gamma shape alpha: 0.204
Parameters optimization took 2 rounds (0.015 sec)
BEST SCORE FOUND : -4483.222

Testing tree branches by SH-like aLRT with 10000 replicates...
1.699 sec.
Total tree length: 1.053

Total number of iterations: 102
CPU time used for tree search: 1.864 sec (0h:0m:1s)
Wall-clock time used for tree search: 1.869 sec (0h:0m:1s)
Total CPU time used: 21.997 sec (0h:0m:21s)
Total wall-clock time used: 22.752 sec (0h:0m:22s)

Analysis results written to: 
  IQ-TREE report:                lsu_aligned_clustal.fasta.iqtree
  Maximum-likelihood tree:       lsu_aligned_clustal.fasta.treefile
  Likelihood distances:          lsu_aligned_clustal.fasta.mldist
  Screen log file:               lsu_aligned_clustal.fasta.log

Date and Time: Tue Mar 18 15:37:29 2025
