IQ-TREE multicore version 2.4.0 for MacOS ARM 64-bit built Feb 12 2025
Developed by Bui Quang Minh, Nguyen Lam Tung, Olga Chernomor, Heiko Schmidt,
Dominik Schrempf, Michael Woodhams, Ly Trong Nhan, Thomas Wong

Host:    Mikeybook.local (SSE4.2, 24 GB RAM)
Command: iqtree2 -s lsu_clustal_spname.fasta -m GTR+G -alrt 1000 -nt AUTO
Seed:    960505 (Using SPRNG - Scalable Parallel Random Number Generator)
Time:    Thu Apr 17 19:33:01 2025
Kernel:  SSE2 - auto-detect threads (8 CPU cores detected)

Reading alignment file lsu_clustal_spname.fasta ... Fasta format detected
Reading fasta file: done in 0.0004251 secs using 74.81% CPU
Alignment most likely contains DNA/RNA sequences
Alignment has 24 sequences with 866 columns, 268 distinct patterns
176 parsimony-informative, 68 singleton sites, 622 constant sites
                        Gap/Ambiguity  Composition  p-value
Analyzing sequences: done in 5.48363e-05 secs using 43.77% CPU
   1  L_delicata               22.63%    passed     39.60%
   2  A_eijii                   4.04%    passed     99.40%
   3  A_virosa                  3.58%    passed     98.71%
   4  A_ocreata                 1.27%    passed     99.62%
   5  A_suballiacea             1.96%    passed     98.91%
   6  A_aspericeps              0.46%    passed     98.26%
   7  A_cinereopannosa          1.04%    passed     93.00%
   8  A_strobiliformis          2.19%    passed     64.76%
   9  A_citrinoannulata         0.46%    passed     94.56%
  10  A_flavipes                1.39%    passed     98.03%
  11  A_citrinoindusiata        1.73%    passed     94.99%
  12  A_citrina                 0.35%    passed     93.03%
  13  A_caojizong               0.23%    passed     81.58%
  14  A_avellaneosquamosa       2.19%    passed     21.00%
  15  A_altipes                 0.23%    passed     98.98%
  16  A_pantherina              4.16%    passed     99.37%
  17  A_elata                   0.35%    passed     95.56%
  18  A_farinosa                0.81%    passed     88.53%
  19  A_aff_brunneofuliginea    1.39%    passed     92.73%
  20  A_brunneofuliginea        0.23%    passed     96.86%
  21  A_battarrae               0.35%    passed     98.55%
  22  A_chiui                   0.12%    passed     92.66%
  23  A_fulva                   0.12%    passed     90.14%
  24  A_imazekii                0.23%    passed     95.41%
****  TOTAL                     2.15%  0 sequences failed composition chi2 test (p-value<5%; df=3)

Create initial parsimony tree by phylogenetic likelihood library (PLL)... 0.001 seconds

NOTE: 0 MB RAM (0 GB) is required!
Measuring multi-threading efficiency up to 8 CPU cores
Increase to 10 rounds for branch lengths
1820 trees examined
Threads: 1 / Time: 8.001 sec / Speedup: 1.000 / Efficiency: 100% / LogL: -5893
Threads: 2 / Time: 12.770 sec / Speedup: 0.627 / Efficiency: 31% / LogL: -5893
BEST NUMBER OF THREADS: 1

Estimate model parameters (epsilon = 0.100)
1. Initial log-likelihood: -4411.327
2. Current log-likelihood: -3991.104
3. Current log-likelihood: -3969.379
4. Current log-likelihood: -3968.969
Optimal log-likelihood: -3968.955
Rate parameters:  A-C: 2.14457  A-G: 15.47682  A-T: 3.34915  C-G: 1.54633  C-T: 26.23190  G-T: 1.00000
Base frequencies:  A: 0.274  C: 0.180  G: 0.303  T: 0.243
Gamma shape alpha: 0.177
Parameters optimization took 4 rounds (0.048 sec)
Wrote distance file to... 
Computing ML distances based on estimated model parameters...
Calculating distance matrix: done in 0.00107598 secs using 99.07% CPU
Computing ML distances took 0.001126 sec (of wall-clock time) 0.001093 sec (of CPU time)
Setting up auxiliary I and S matrices: done in 1.90735e-05 secs using 73.4% CPU
Computing RapidNJ tree took 0.000076 sec (of wall-clock time) 0.000085 sec (of CPU time)
Log-likelihood of RapidNJ tree: -3978.706
--------------------------------------------------------------------
|             INITIALIZING CANDIDATE TREE SET                      |
--------------------------------------------------------------------
Generating 98 parsimony trees... 0.051 second
Computing log-likelihood of 98 initial trees ... 0.084 seconds
Current best score: -3964.806

Do NNI search on 20 best initial trees
Estimate model parameters (epsilon = 0.100)
BETTER TREE FOUND at iteration 1: -3962.314
Iteration 10 / LogL: -3962.353 / Time: 0h:0m:21s
Iteration 20 / LogL: -3962.533 / Time: 0h:0m:21s
Finish initializing candidate tree set (3)
Current best tree score: -3962.314 / CPU time: 0.327
Number of iterations: 20
--------------------------------------------------------------------
|               OPTIMIZING CANDIDATE TREE SET                      |
--------------------------------------------------------------------
Iteration 30 / LogL: -3962.533 / Time: 0h:0m:21s (0h:0m:52s left)
Iteration 40 / LogL: -3962.315 / Time: 0h:0m:21s (0h:0m:33s left)
Iteration 50 / LogL: -3962.533 / Time: 0h:0m:21s (0h:0m:22s left)
Iteration 60 / LogL: -3962.420 / Time: 0h:0m:21s (0h:0m:15s left)
Iteration 70 / LogL: -3962.533 / Time: 0h:0m:21s (0h:0m:9s left)
UPDATE BEST LOG-LIKELIHOOD: -3962.314
Iteration 80 / LogL: -3962.533 / Time: 0h:0m:21s (0h:0m:5s left)
UPDATE BEST LOG-LIKELIHOOD: -3962.314
Iteration 90 / LogL: -3962.547 / Time: 0h:0m:22s (0h:0m:2s left)
Iteration 100 / LogL: -3962.336 / Time: 0h:0m:22s (0h:0m:0s left)
TREE SEARCH COMPLETED AFTER 102 ITERATIONS / Time: 0h:0m:22s

--------------------------------------------------------------------
|                    FINALIZING TREE SEARCH                        |
--------------------------------------------------------------------
Performs final model parameters optimization
Estimate model parameters (epsilon = 0.010)
1. Initial log-likelihood: -3962.314
Optimal log-likelihood: -3962.313
Rate parameters:  A-C: 2.05169  A-G: 15.41244  A-T: 3.28150  C-G: 1.49026  C-T: 26.27145  G-T: 1.00000
Base frequencies:  A: 0.274  C: 0.180  G: 0.303  T: 0.243
Gamma shape alpha: 0.179
Parameters optimization took 1 rounds (0.003 sec)
BEST SCORE FOUND : -3962.313

Testing tree branches by SH-like aLRT with 1000 replicates...
0.143 sec.
Total tree length: 0.935

Total number of iterations: 102
CPU time used for tree search: 1.469 sec (0h:0m:1s)
Wall-clock time used for tree search: 1.473 sec (0h:0m:1s)
Total CPU time used: 21.733 sec (0h:0m:21s)
Total wall-clock time used: 22.453 sec (0h:0m:22s)

Analysis results written to: 
  IQ-TREE report:                lsu_clustal_spname.fasta.iqtree
  Maximum-likelihood tree:       lsu_clustal_spname.fasta.treefile
  Likelihood distances:          lsu_clustal_spname.fasta.mldist
  Screen log file:               lsu_clustal_spname.fasta.log

Date and Time: Thu Apr 17 19:33:24 2025
