IQ-TREE multicore version 2.4.0 for MacOS ARM 64-bit built Feb 12 2025
Developed by Bui Quang Minh, Nguyen Lam Tung, Olga Chernomor, Heiko Schmidt,
Dominik Schrempf, Michael Woodhams, Ly Trong Nhan, Thomas Wong

Host:    Mikeybook.local (SSE4.2, 24 GB RAM)
Command: iqtree2 -s rpb2_clustal_spname.fasta -m GTR+G -alrt 1000 -nt AUTO
Seed:    408813 (Using SPRNG - Scalable Parallel Random Number Generator)
Time:    Thu Apr 17 19:35:02 2025
Kernel:  SSE2 - auto-detect threads (8 CPU cores detected)

Reading alignment file rpb2_clustal_spname.fasta ... Fasta format detected
Reading fasta file: done in 0.000259876 secs using 82.35% CPU
Alignment most likely contains DNA/RNA sequences
Alignment has 24 sequences with 673 columns, 281 distinct patterns
233 parsimony-informative, 29 singleton sites, 411 constant sites
                        Gap/Ambiguity  Composition  p-value
Analyzing sequences: done in 4.91142e-05 secs using 67.19% CPU
   1  A_altipes                 0.30%    passed     94.82%
   2  A_pantherina              3.27%    passed     85.35%
   3  A_elata                   5.50%    passed     99.85%
   4  A_farinosa                0.15%    passed     40.38%
   5  A_aff_brunneofuliginea    2.97%    passed     94.99%
   6  A_brunneofuliginea        0.15%    passed     92.64%
   7  A_chiui                   0.15%    passed     78.13%
   8  A_battarrae               0.15%    passed     92.67%
   9  A_fulva                   0.15%    passed     98.96%
  10  A_imazekii                0.15%    passed     23.91%
  11  A_citrinoannulata         0.30%    passed     67.05%
  12  A_citrinoindusiata        0.30%    passed     67.34%
  13  A_flavipes                1.63%    passed     79.45%
  14  A_citrina                 0.74%    passed     96.80%
  15  A_aspericeps              0.15%    passed     98.45%
  16  A_cinereopannosa          0.15%    passed     98.18%
  17  A_strobiliformis          0.15%    passed     85.61%
  18  A_ocreata                 0.15%    passed     92.33%
  19  A_virosa                  0.15%    passed     94.95%
  20  A_suballiacea             0.30%    passed     67.89%
  21  A_caojizong               0.59%    passed     99.62%
  22  A_eijii                   0.45%    passed     97.81%
  23  A_avellaneosquamosa       0.30%    passed     88.89%
  24  L_delicata                0.89%    passed      9.24%
****  TOTAL                     0.80%  0 sequences failed composition chi2 test (p-value<5%; df=3)

Create initial parsimony tree by phylogenetic likelihood library (PLL)... 0.001 seconds

NOTE: 0 MB RAM (0 GB) is required!
Measuring multi-threading efficiency up to 8 CPU cores
Increase to 10 rounds for branch lengths
1337 trees examined
Threads: 1 / Time: 8.004 sec / Speedup: 1.000 / Efficiency: 100% / LogL: -7381
Threads: 2 / Time: 12.796 sec / Speedup: 0.625 / Efficiency: 31% / LogL: -7381
BEST NUMBER OF THREADS: 1

Estimate model parameters (epsilon = 0.100)
1. Initial log-likelihood: -5540.572
2. Current log-likelihood: -4897.633
3. Current log-likelihood: -4870.657
4. Current log-likelihood: -4870.046
Optimal log-likelihood: -4870.024
Rate parameters:  A-C: 4.88485  A-G: 30.39545  A-T: 4.93218  C-G: 4.95334  C-T: 50.75468  G-T: 1.00000
Base frequencies:  A: 0.271  C: 0.206  G: 0.270  T: 0.252
Gamma shape alpha: 0.173
Parameters optimization took 4 rounds (0.047 sec)
Wrote distance file to... 
Computing ML distances based on estimated model parameters...
Calculating distance matrix: done in 0.000921965 secs using 98.92% CPU
Computing ML distances took 0.001156 sec (of wall-clock time) 0.000941 sec (of CPU time)
Setting up auxiliary I and S matrices: done in 2.00272e-05 secs using 74.9% CPU
Computing RapidNJ tree took 0.000070 sec (of wall-clock time) 0.000085 sec (of CPU time)
Log-likelihood of RapidNJ tree: -4874.338
--------------------------------------------------------------------
|             INITIALIZING CANDIDATE TREE SET                      |
--------------------------------------------------------------------
Generating 98 parsimony trees... 0.070 second
Computing log-likelihood of 98 initial trees ... 0.093 seconds
Current best score: -4870.024

Do NNI search on 20 best initial trees
Estimate model parameters (epsilon = 0.100)
BETTER TREE FOUND at iteration 1: -4864.867
Iteration 10 / LogL: -4864.961 / Time: 0h:0m:21s
Iteration 20 / LogL: -4865.704 / Time: 0h:0m:21s
Finish initializing candidate tree set (5)
Current best tree score: -4864.867 / CPU time: 0.399
Number of iterations: 20
--------------------------------------------------------------------
|               OPTIMIZING CANDIDATE TREE SET                      |
--------------------------------------------------------------------
Iteration 30 / LogL: -4865.661 / Time: 0h:0m:21s (0h:0m:52s left)
Iteration 40 / LogL: -4865.757 / Time: 0h:0m:21s (0h:0m:33s left)
Iteration 50 / LogL: -4879.888 / Time: 0h:0m:21s (0h:0m:22s left)
Iteration 60 / LogL: -4864.937 / Time: 0h:0m:21s (0h:0m:15s left)
Iteration 70 / LogL: -4865.707 / Time: 0h:0m:22s (0h:0m:9s left)
Iteration 80 / LogL: -4865.656 / Time: 0h:0m:22s (0h:0m:5s left)
Iteration 90 / LogL: -4866.070 / Time: 0h:0m:22s (0h:0m:2s left)
Iteration 100 / LogL: -4865.798 / Time: 0h:0m:22s (0h:0m:0s left)
TREE SEARCH COMPLETED AFTER 102 ITERATIONS / Time: 0h:0m:22s

--------------------------------------------------------------------
|                    FINALIZING TREE SEARCH                        |
--------------------------------------------------------------------
Performs final model parameters optimization
Estimate model parameters (epsilon = 0.010)
1. Initial log-likelihood: -4864.867
Optimal log-likelihood: -4864.865
Rate parameters:  A-C: 4.74539  A-G: 30.40135  A-T: 4.98993  C-G: 5.02951  C-T: 50.75310  G-T: 1.00000
Base frequencies:  A: 0.271  C: 0.206  G: 0.270  T: 0.252
Gamma shape alpha: 0.168
Parameters optimization took 1 rounds (0.003 sec)
BEST SCORE FOUND : -4864.865

Testing tree branches by SH-like aLRT with 1000 replicates...
0.117 sec.
Total tree length: 1.929

Total number of iterations: 102
CPU time used for tree search: 1.694 sec (0h:0m:1s)
Wall-clock time used for tree search: 1.721 sec (0h:0m:1s)
Total CPU time used: 21.970 sec (0h:0m:21s)
Total wall-clock time used: 22.706 sec (0h:0m:22s)

Analysis results written to: 
  IQ-TREE report:                rpb2_clustal_spname.fasta.iqtree
  Maximum-likelihood tree:       rpb2_clustal_spname.fasta.treefile
  Likelihood distances:          rpb2_clustal_spname.fasta.mldist
  Screen log file:               rpb2_clustal_spname.fasta.log

Date and Time: Thu Apr 17 19:35:25 2025
