IQ-TREE multicore version 2.4.0 for MacOS ARM 64-bit built Feb 12 2025
Developed by Bui Quang Minh, Nguyen Lam Tung, Olga Chernomor, Heiko Schmidt,
Dominik Schrempf, Michael Woodhams, Ly Trong Nhan, Thomas Wong

Host:    Mikeybook.local (SSE4.2, 24 GB RAM)
Command: iqtree2 -s tef1a_clustal_spname.fasta -m GTR+G -alrt 1000 -nt AUTO
Seed:    674155 (Using SPRNG - Scalable Parallel Random Number Generator)
Time:    Thu Apr 17 19:38:26 2025
Kernel:  SSE2 - auto-detect threads (8 CPU cores detected)

Reading alignment file tef1a_clustal_spname.fasta ... Fasta format detected
Reading fasta file: done in 0.000329018 secs using 67.47% CPU
Alignment most likely contains DNA/RNA sequences
Alignment has 24 sequences with 554 columns, 292 distinct patterns
211 parsimony-informative, 41 singleton sites, 302 constant sites
                        Gap/Ambiguity  Composition  p-value
Analyzing sequences: done in 5.6982e-05 secs using 52.65% CPU
   1  A_aff_brunneofuliginea   11.55%    passed     70.65%
   2  A_brunneofuliginea        2.17%    passed     70.93%
   3  A_chiui                  12.64%    passed     93.69%
   4  A_battarrae               2.53%    passed     56.06%
   5  A_fulva                   3.07%    passed     81.02%
   6  L_delicata                9.75%    failed      1.52%
   7  A_imazekii                2.89%    passed     93.35%
   8  A_altipes                 3.07%    passed     89.75%
   9  A_pantherina              5.05%    passed     94.40%
  10  A_elata                   3.43%    passed     94.34%
  11  A_farinosa                2.89%    passed     91.47%
  12  A_virosa                  2.17%    passed     84.04%
  13  A_ocreata                 8.84%    passed     93.17%
  14  A_suballiacea             3.43%    passed     89.45%
  15  A_aspericeps              2.35%    passed     90.33%
  16  A_cinereopannosa          3.25%    passed     71.27%
  17  A_strobiliformis          1.99%    passed     93.17%
  18  A_citrinoindusiata        2.17%    passed     90.93%
  19  A_flavipes               10.83%    passed     87.23%
  20  A_citrinoannulata        10.29%    passed     84.80%
  21  A_citrina                 2.35%    passed     76.30%
  22  A_avellaneosquamosa       3.79%    passed     88.07%
  23  A_caojizong              12.09%    passed     88.70%
  24  A_eijii                   3.25%    passed     79.34%
****  TOTAL                     5.24%  1 sequences failed composition chi2 test (p-value<5%; df=3)

Create initial parsimony tree by phylogenetic likelihood library (PLL)... 0.001 seconds

NOTE: 0 MB RAM (0 GB) is required!
Measuring multi-threading efficiency up to 8 CPU cores
Increase to 10 rounds for branch lengths
1325 trees examined
Threads: 1 / Time: 8.001 sec / Speedup: 1.000 / Efficiency: 100% / LogL: -5923
Threads: 2 / Time: 12.150 sec / Speedup: 0.659 / Efficiency: 33% / LogL: -5923
BEST NUMBER OF THREADS: 1

Estimate model parameters (epsilon = 0.100)
1. Initial log-likelihood: -4565.522
2. Current log-likelihood: -4102.444
3. Current log-likelihood: -4095.450
Optimal log-likelihood: -4095.375
Rate parameters:  A-C: 4.01095  A-G: 16.13479  A-T: 3.01862  C-G: 1.82695  C-T: 28.02515  G-T: 1.00000
Base frequencies:  A: 0.236  C: 0.261  G: 0.238  T: 0.264
Gamma shape alpha: 0.321
Parameters optimization took 3 rounds (0.047 sec)
Wrote distance file to... 
Computing ML distances based on estimated model parameters...
Calculating distance matrix: done in 0.000775099 secs using 98.83% CPU
Computing ML distances took 0.000823 sec (of wall-clock time) 0.000795 sec (of CPU time)
Setting up auxiliary I and S matrices: done in 1.78814e-05 secs using 78.29% CPU
Computing RapidNJ tree took 0.000076 sec (of wall-clock time) 0.000095 sec (of CPU time)
Log-likelihood of RapidNJ tree: -4107.369
--------------------------------------------------------------------
|             INITIALIZING CANDIDATE TREE SET                      |
--------------------------------------------------------------------
Generating 98 parsimony trees... 0.061 second
Computing log-likelihood of 98 initial trees ... 0.095 seconds
Current best score: -4095.375

Do NNI search on 20 best initial trees
Estimate model parameters (epsilon = 0.100)
BETTER TREE FOUND at iteration 1: -4093.926
Iteration 10 / LogL: -4093.933 / Time: 0h:0m:20s
Iteration 20 / LogL: -4094.038 / Time: 0h:0m:20s
Finish initializing candidate tree set (6)
Current best tree score: -4093.926 / CPU time: 0.346
Number of iterations: 20
--------------------------------------------------------------------
|               OPTIMIZING CANDIDATE TREE SET                      |
--------------------------------------------------------------------
Iteration 30 / LogL: -4094.239 / Time: 0h:0m:20s (0h:0m:50s left)
Iteration 40 / LogL: -4094.558 / Time: 0h:0m:20s (0h:0m:32s left)
Iteration 50 / LogL: -4094.534 / Time: 0h:0m:20s (0h:0m:21s left)
Iteration 60 / LogL: -4094.478 / Time: 0h:0m:21s (0h:0m:14s left)
Iteration 70 / LogL: -4094.495 / Time: 0h:0m:21s (0h:0m:9s left)
Iteration 80 / LogL: -4094.305 / Time: 0h:0m:21s (0h:0m:5s left)
Iteration 90 / LogL: -4093.948 / Time: 0h:0m:21s (0h:0m:2s left)
Iteration 100 / LogL: -4094.133 / Time: 0h:0m:21s (0h:0m:0s left)
TREE SEARCH COMPLETED AFTER 102 ITERATIONS / Time: 0h:0m:21s

--------------------------------------------------------------------
|                    FINALIZING TREE SEARCH                        |
--------------------------------------------------------------------
Performs final model parameters optimization
Estimate model parameters (epsilon = 0.010)
1. Initial log-likelihood: -4093.926
Optimal log-likelihood: -4093.925
Rate parameters:  A-C: 3.97514  A-G: 16.13115  A-T: 2.98647  C-G: 1.75308  C-T: 28.04311  G-T: 1.00000
Base frequencies:  A: 0.236  C: 0.261  G: 0.238  T: 0.264
Gamma shape alpha: 0.317
Parameters optimization took 1 rounds (0.004 sec)
BEST SCORE FOUND : -4093.925

Testing tree branches by SH-like aLRT with 1000 replicates...
0.098 sec.
Total tree length: 1.890

Total number of iterations: 102
CPU time used for tree search: 1.439 sec (0h:0m:1s)
Wall-clock time used for tree search: 1.443 sec (0h:0m:1s)
Total CPU time used: 21.425 sec (0h:0m:21s)
Total wall-clock time used: 21.757 sec (0h:0m:21s)

Analysis results written to: 
  IQ-TREE report:                tef1a_clustal_spname.fasta.iqtree
  Maximum-likelihood tree:       tef1a_clustal_spname.fasta.treefile
  Likelihood distances:          tef1a_clustal_spname.fasta.mldist
  Screen log file:               tef1a_clustal_spname.fasta.log

Date and Time: Thu Apr 17 19:38:48 2025
